<?xml version="1.0" encoding="UTF-8"?>
<!-- Generated by org.testng.reporters.JUnitReportReporter -->
<testsuite skipped="0" hostname="LAPTOP-72VUACFQ" name="testApplications.Hotstar_CheckVideo" tests="1" failures="0" timestamp="2020-05-20T11:24:18 IST" time="36.998" errors="0">
  <testcase name="PauseVideo" time="36.998" classname="testApplications.Hotstar_CheckVideo"/>
</testsuite> <!-- testApplications.Hotstar_CheckVideo -->
