<?xml version="1.0" encoding="UTF-8"?>
<!-- Generated by org.testng.reporters.JUnitReportReporter -->
<testsuite skipped="0" hostname="LAPTOP-72VUACFQ" name="testApplications.TC_JioCinema" tests="1" failures="0" timestamp="2020-08-18T09:57:01 IST" time="852.493" errors="0">
  <testcase name="automateJioCinema" time="852.493" classname="testApplications.TC_JioCinema"/>
</testsuite> <!-- testApplications.TC_JioCinema -->
