<?xml version="1.0" encoding="UTF-8"?>
<!-- Generated by org.testng.reporters.JUnitReportReporter -->
<testsuite skipped="0" hostname="LAPTOP-72VUACFQ" name="testApplications.TC_Updated_VootTV" tests="1" failures="0" timestamp="2020-08-12T13:42:28 IST" time="566.138" errors="0">
  <testcase name="LaunchVootTV" time="566.138" classname="testApplications.TC_Updated_VootTV"/>
</testsuite> <!-- testApplications.TC_Updated_VootTV -->
