<?xml version="1.0" encoding="UTF-8"?>
<!-- Generated by org.testng.reporters.JUnitReportReporter -->
<testsuite skipped="0" hostname="LAPTOP-72VUACFQ" name="testApplications.TC_News18" tests="1" failures="0" timestamp="2020-08-18T10:20:48 IST" time="1060.917" errors="0">
  <testcase name="LaunchNews18" time="1060.917" classname="testApplications.TC_News18"/>
</testsuite> <!-- testApplications.TC_News18 -->
