<?xml version="1.0" encoding="UTF-8"?>
<!-- Generated by org.testng.reporters.JUnitReportReporter -->
<testsuite skipped="0" hostname="LAPTOP-72VUACFQ" name="testApplications.AltBalaji" tests="1" failures="0" timestamp="2020-06-11T10:49:11 IST" time="9.153" errors="0">
  <testcase name="automateHotstar" time="9.153" classname="testApplications.AltBalaji"/>
</testsuite> <!-- testApplications.AltBalaji -->
