<?xml version="1.0" encoding="UTF-8"?>
<!-- Generated by org.testng.reporters.JUnitReportReporter -->
<testsuite skipped="0" hostname="LAPTOP-72VUACFQ" name="testApplications.TC_ZEE5" tests="1" failures="0" timestamp="2020-08-18T11:20:04 IST" time="39.240" errors="0">
  <testcase name="LaunchVootTV" time="39.240" classname="testApplications.TC_ZEE5"/>
</testsuite> <!-- testApplications.TC_ZEE5 -->
